
                            < M A T L A B (R) >
                  Copyright 1984-2014 The MathWorks, Inc.
                    R2014a (8.3.0.532) 64-bit (glnxa64)
                             February 11, 2014

 
To get started, type one of these: helpwin, helpdesk, or demo.
For product information, visit www.mathworks.com.
 
>> >> >> >> >> >> >> >> >> >> >> >> >> >> 
i =

   200


i =

   400


i =

   600


i =

   800


i =

        1000


i =

        1200


i =

        1400


i =

        1600


i =

        1800


i =

        2000


i =

        2200


i =

        2400


i =

        2600


i =

        2800


i =

        3000

>> >> >> >> >> >> >> >> >> >> The mean SDR for Male & Female is : 9.561850>> The mean SDR for Female & Female is : 7.338898>> The mean SDR for Male & Male is : 7.534354>> >> 